[0820/111657.650:ERROR:process_reader_win.cc(123)] NtOpenThread: {Access Denied} A process has requested access to an object, but has not been granted those access rights. (0xc0000022)
[0820/111657.734:ERROR:exception_snapshot_win.cc(98)] thread ID 2020 not found in process
[0820/111659.710:ERROR:process_reader_win.cc(123)] NtOpenThread: {Access Denied} A process has requested access to an object, but has not been granted those access rights. (0xc0000022)
[0820/111659.710:ERROR:exception_snapshot_win.cc(98)] thread ID 9708 not found in process
[0820/111701.641:ERROR:process_reader_win.cc(123)] NtOpenThread: {Access Denied} A process has requested access to an object, but has not been granted those access rights. (0xc0000022)
[0820/111701.645:ERROR:exception_snapshot_win.cc(98)] thread ID 17176 not found in process
[0820/111702.605:ERROR:process_reader_win.cc(123)] NtOpenThread: {Access Denied} A process has requested access to an object, but has not been granted those access rights. (0xc0000022)
[0820/111702.605:ERROR:exception_snapshot_win.cc(98)] thread ID 27828 not found in process
[0820/111704.080:ERROR:process_reader_win.cc(123)] NtOpenThread: {Access Denied} A process has requested access to an object, but has not been granted those access rights. (0xc0000022)
[0820/111704.080:ERROR:exception_snapshot_win.cc(98)] thread ID 15228 not found in process
[0820/111833.444:ERROR:process_reader_win.cc(151)] SuspendThread: Access is denied. (0x5)
[0820/111833.444:ERROR:process_reader_win.cc(123)] NtOpenThread: {Access Denied} A process has requested access to an object, but has not been granted those access rights. (0xc0000022)
[0820/111833.444:ERROR:exception_snapshot_win.cc(98)] thread ID 19464 not found in process
[0820/111835.193:ERROR:process_reader_win.cc(123)] NtOpenThread: {Access Denied} A process has requested access to an object, but has not been granted those access rights. (0xc0000022)
[0820/111835.193:ERROR:exception_snapshot_win.cc(98)] thread ID 19940 not found in process
[0820/111836.733:ERROR:process_reader_win.cc(123)] NtOpenThread: {Access Denied} A process has requested access to an object, but has not been granted those access rights. (0xc0000022)
[0820/111836.733:ERROR:exception_snapshot_win.cc(98)] thread ID 15256 not found in process
[0820/112023.460:ERROR:process_reader_win.cc(123)] NtOpenThread: {Access Denied} A process has requested access to an object, but has not been granted those access rights. (0xc0000022)
[0820/112023.460:ERROR:exception_snapshot_win.cc(98)] thread ID 14204 not found in process
[0820/112043.059:ERROR:process_reader_win.cc(123)] NtOpenThread: {Access Denied} A process has requested access to an object, but has not been granted those access rights. (0xc0000022)
[0820/112043.059:ERROR:exception_snapshot_win.cc(98)] thread ID 1656 not found in process
[0820/112048.005:ERROR:process_memory_win.cc(73)] ReadMemory at 0x6203ef000 of 69632 bytes failed: Only part of a ReadProcessMemory or WriteProcessMemory request was completed. (0x12B)
[0820/112048.009:ERROR:process_memory_win.cc(73)] ReadMemory at 0x620bfd000 of 12288 bytes failed: Only part of a ReadProcessMemory or WriteProcessMemory request was completed. (0x12B)
[0820/112048.009:ERROR:process_memory_win.cc(73)] ReadMemory at 0x6213fd000 of 12288 bytes failed: Only part of a ReadProcessMemory or WriteProcessMemory request was completed. (0x12B)
[0820/112048.009:ERROR:process_memory_win.cc(73)] ReadMemory at 0x621bfc000 of 16384 bytes failed: Only part of a ReadProcessMemory or WriteProcessMemory request was completed. (0x12B)
[0820/112048.009:ERROR:process_memory_win.cc(73)] ReadMemory at 0x6223fc000 of 16384 bytes failed: Only part of a ReadProcessMemory or WriteProcessMemory request was completed. (0x12B)
[0820/112048.009:ERROR:process_memory_win.cc(73)] ReadMemory at 0x622bfe000 of 8192 bytes failed: Only part of a ReadProcessMemory or WriteProcessMemory request was completed. (0x12B)
[0820/112048.009:ERROR:process_memory_win.cc(73)] ReadMemory at 0x6233fd000 of 12288 bytes failed: Only part of a ReadProcessMemory or WriteProcessMemory request was completed. (0x12B)
[0820/112048.009:ERROR:process_memory_win.cc(73)] ReadMemory at 0x623bfb000 of 20480 bytes failed: Only part of a ReadProcessMemory or WriteProcessMemory request was completed. (0x12B)
[0820/112048.009:ERROR:process_memory_win.cc(73)] ReadMemory at 0x6243fd000 of 12288 bytes failed: Only part of a ReadProcessMemory or WriteProcessMemory request was completed. (0x12B)
[0820/112048.009:ERROR:process_memory_win.cc(73)] ReadMemory at 0x624bfa000 of 24576 bytes failed: Only part of a ReadProcessMemory or WriteProcessMemory request was completed. (0x12B)
[0820/112048.009:ERROR:process_memory_win.cc(73)] ReadMemory at 0x6253f6000 of 40960 bytes failed: Only part of a ReadProcessMemory or WriteProcessMemory request was completed. (0x12B)
[0820/112048.009:ERROR:process_memory_win.cc(73)] ReadMemory at 0x625bfd000 of 12288 bytes failed: Only part of a ReadProcessMemory or WriteProcessMemory request was completed. (0x12B)
[0820/112048.009:ERROR:process_memory_win.cc(73)] ReadMemory at 0x6263fd000 of 12288 bytes failed: Only part of a ReadProcessMemory or WriteProcessMemory request was completed. (0x12B)
[0820/112048.009:ERROR:process_memory_win.cc(73)] ReadMemory at 0x626bfd000 of 12288 bytes failed: Only part of a ReadProcessMemory or WriteProcessMemory request was completed. (0x12B)
[0820/112048.009:ERROR:process_memory_win.cc(73)] ReadMemory at 0x6273fd000 of 12288 bytes failed: Only part of a ReadProcessMemory or WriteProcessMemory request was completed. (0x12B)
[0820/112048.009:ERROR:process_memory_win.cc(73)] ReadMemory at 0x61fa8c000 of 852 bytes failed: Only part of a ReadProcessMemory or WriteProcessMemory request was completed. (0x12B)
[0820/112048.009:ERROR:process_memory_win.cc(73)] ReadMemory at 0x61fa8d000 of 6024 bytes failed: Only part of a ReadProcessMemory or WriteProcessMemory request was completed. (0x12B)
[0820/112048.009:ERROR:process_memory_win.cc(73)] ReadMemory at 0x61fa8f000 of 6024 bytes failed: Only part of a ReadProcessMemory or WriteProcessMemory request was completed. (0x12B)
[0820/112048.009:ERROR:process_memory_win.cc(73)] ReadMemory at 0x61fa91000 of 6024 bytes failed: Only part of a ReadProcessMemory or WriteProcessMemory request was completed. (0x12B)
[0820/112048.009:ERROR:process_memory_win.cc(73)] ReadMemory at 0x61fa93000 of 6024 bytes failed: Only part of a ReadProcessMemory or WriteProcessMemory request was completed. (0x12B)
[0820/112048.009:ERROR:process_memory_win.cc(73)] ReadMemory at 0x61fa95000 of 6024 bytes failed: Only part of a ReadProcessMemory or WriteProcessMemory request was completed. (0x12B)
[0820/112048.009:ERROR:process_memory_win.cc(73)] ReadMemory at 0x61fa97000 of 6024 bytes failed: Only part of a ReadProcessMemory or WriteProcessMemory request was completed. (0x12B)
[0820/112048.009:ERROR:process_memory_win.cc(73)] ReadMemory at 0x61fa99000 of 6024 bytes failed: Only part of a ReadProcessMemory or WriteProcessMemory request was completed. (0x12B)
[0820/112048.009:ERROR:process_memory_win.cc(73)] ReadMemory at 0x61fa9b000 of 6024 bytes failed: Only part of a ReadProcessMemory or WriteProcessMemory request was completed. (0x12B)
[0820/112048.009:ERROR:process_memory_win.cc(73)] ReadMemory at 0x61fa9d000 of 6024 bytes failed: Only part of a ReadProcessMemory or WriteProcessMemory request was completed. (0x12B)
[0820/112048.009:ERROR:process_memory_win.cc(73)] ReadMemory at 0x61fa9f000 of 6024 bytes failed: Only part of a ReadProcessMemory or WriteProcessMemory request was completed. (0x12B)
[0820/112048.009:ERROR:process_memory_win.cc(73)] ReadMemory at 0x61faa1000 of 6024 bytes failed: Only part of a ReadProcessMemory or WriteProcessMemory request was completed. (0x12B)
[0820/112048.009:ERROR:process_memory_win.cc(73)] ReadMemory at 0x61faa3000 of 6024 bytes failed: Only part of a ReadProcessMemory or WriteProcessMemory request was completed. (0x12B)
[0820/112048.009:ERROR:process_memory_win.cc(73)] ReadMemory at 0x61faa5000 of 6024 bytes failed: Only part of a ReadProcessMemory or WriteProcessMemory request was completed. (0x12B)
[0820/112048.009:ERROR:process_memory_win.cc(73)] ReadMemory at 0x61faa7000 of 6024 bytes failed: Only part of a ReadProcessMemory or WriteProcessMemory request was completed. (0x12B)
[0820/112048.009:ERROR:process_memory_win.cc(73)] ReadMemory at 0x61faa9000 of 6024 bytes failed: Only part of a ReadProcessMemory or WriteProcessMemory request was completed. (0x12B)
[0820/112048.009:ERROR:process_memory_win.cc(73)] ReadMemory at 0x1bec4cb1000 of 512 bytes failed: Only part of a ReadProcessMemory or WriteProcessMemory request was completed. (0x12B)
[0820/112048.009:ERROR:process_memory_win.cc(73)] ReadMemory at 0x1bec4d20fe0 of 7230 bytes failed: Only part of a ReadProcessMemory or WriteProcessMemory request was completed. (0x12B)
[0820/112048.009:ERROR:process_memory_win.cc(73)] ReadMemory at 0x1bec4d22c30 of 1012 bytes failed: Only part of a ReadProcessMemory or WriteProcessMemory request was completed. (0x12B)
[0820/112048.009:ERROR:process_memory_win.cc(73)] ReadMemory at 0x1bec4d23278 of 118 bytes failed: Only part of a ReadProcessMemory or WriteProcessMemory request was completed. (0x12B)
[0820/112048.009:ERROR:process_memory_win.cc(73)] ReadMemory at 0x1bec4d232f0 of 1078 bytes failed: Only part of a ReadProcessMemory or WriteProcessMemory request was completed. (0x12B)
[0820/112048.009:ERROR:process_memory_win.cc(73)] ReadMemory at 0x1bec4d23728 of 118 bytes failed: Only part of a ReadProcessMemory or WriteProcessMemory request was completed. (0x12B)
[0820/112048.009:ERROR:process_memory_win.cc(73)] ReadMemory at 0x1bec4d237a0 of 102 bytes failed: Only part of a ReadProcessMemory or WriteProcessMemory request was completed. (0x12B)
[0820/112048.009:ERROR:process_memory_win.cc(73)] ReadMemory at 0x1bec4d23820 of 58 bytes failed: Only part of a ReadProcessMemory or WriteProcessMemory request was completed. (0x12B)
[0820/112048.009:ERROR:process_memory_win.cc(73)] ReadMemory at 0x1bec4d23920 of 132 bytes failed: Only part of a ReadProcessMemory or WriteProcessMemory request was completed. (0x12B)
[0820/112048.009:ERROR:process_memory_win.cc(73)] ReadMemory at 0x1bec4d23ab0 of 132 bytes failed: Only part of a ReadProcessMemory or WriteProcessMemory request was completed. (0x12B)
[0820/112048.009:ERROR:process_memory_win.cc(73)] ReadMemory at 0x1bec4d23c70 of 126 bytes failed: Only part of a ReadProcessMemory or WriteProcessMemory request was completed. (0x12B)
[0820/112048.009:ERROR:process_memory_win.cc(73)] ReadMemory at 0x1bec4d24050 of 132 bytes failed: Only part of a ReadProcessMemory or WriteProcessMemory request was completed. (0x12B)
[0820/112048.009:ERROR:process_memory_win.cc(73)] ReadMemory at 0x1bec4d241e0 of 64 bytes failed: Only part of a ReadProcessMemory or WriteProcessMemory request was completed. (0x12B)
[0820/112048.009:ERROR:process_memory_win.cc(73)] ReadMemory at 0x1bec4d243a0 of 132 bytes failed: Only part of a ReadProcessMemory or WriteProcessMemory request was completed. (0x12B)
[0820/112048.009:ERROR:process_memory_win.cc(73)] ReadMemory at 0x1bec4d24640 of 132 bytes failed: Only part of a ReadProcessMemory or WriteProcessMemory request was completed. (0x12B)
[0820/112048.009:ERROR:process_memory_win.cc(73)] ReadMemory at 0x1bec4d247d0 of 68 bytes failed: Only part of a ReadProcessMemory or WriteProcessMemory request was completed. (0x12B)
[0820/112048.009:ERROR:process_memory_win.cc(73)] ReadMemory at 0x1bec4d25940 of 132 bytes failed: Only part of a ReadProcessMemory or WriteProcessMemory request was completed. (0x12B)
[0820/112048.009:ERROR:process_memory_win.cc(73)] ReadMemory at 0x1bec4d25ad0 of 154 bytes failed: Only part of a ReadProcessMemory or WriteProcessMemory request was completed. (0x12B)
[0820/112048.009:ERROR:process_memory_win.cc(73)] ReadMemory at 0x1bec4d27c70 of 62 bytes failed: Only part of a ReadProcessMemory or WriteProcessMemory request was completed. (0x12B)
[0820/112048.009:ERROR:process_memory_win.cc(73)] ReadMemory at 0x1bec4d27dd0 of 132 bytes failed: Only part of a ReadProcessMemory or WriteProcessMemory request was completed. (0x12B)
[0820/112048.009:ERROR:process_memory_win.cc(73)] ReadMemory at 0x1bec4d27f60 of 60 bytes failed: Only part of a ReadProcessMemory or WriteProcessMemory request was completed. (0x12B)
[0820/112048.013:ERROR:process_memory_win.cc(73)] ReadMemory at 0x1bec4d2aef0 of 62 bytes failed: Only part of a ReadProcessMemory or WriteProcessMemory request was completed. (0x12B)
[0820/112048.013:ERROR:process_memory_win.cc(73)] ReadMemory at 0x1bec4d2b170 of 60 bytes failed: Only part of a ReadProcessMemory or WriteProcessMemory request was completed. (0x12B)
[0820/112048.013:ERROR:process_memory_win.cc(73)] ReadMemory at 0x1bec4d2ccf0 of 54 bytes failed: Only part of a ReadProcessMemory or WriteProcessMemory request was completed. (0x12B)
[0820/112048.013:ERROR:process_memory_win.cc(73)] ReadMemory at 0x1bec4d305f0 of 80 bytes failed: Only part of a ReadProcessMemory or WriteProcessMemory request was completed. (0x12B)
[0820/112048.013:ERROR:process_memory_win.cc(73)] ReadMemory at 0x1bec4d30c9c of 512 bytes failed: Only part of a ReadProcessMemory or WriteProcessMemory request was completed. (0x12B)
[0820/112048.013:ERROR:process_memory_win.cc(73)] ReadMemory at 0x1bec4d34ce0 of 132 bytes failed: Only part of a ReadProcessMemory or WriteProcessMemory request was completed. (0x12B)
[0820/112048.013:ERROR:process_memory_win.cc(73)] ReadMemory at 0x1bec4d35950 of 146 bytes failed: Only part of a ReadProcessMemory or WriteProcessMemory request was completed. (0x12B)
[0820/112048.013:ERROR:process_memory_win.cc(73)] ReadMemory at 0x1bec4d36360 of 132 bytes failed: Only part of a ReadProcessMemory or WriteProcessMemory request was completed. (0x12B)
[0820/112048.013:ERROR:process_memory_win.cc(73)] ReadMemory at 0x1bec4d36490 of 132 bytes failed: Only part of a ReadProcessMemory or WriteProcessMemory request was completed. (0x12B)
[0820/112048.013:ERROR:process_memory_win.cc(73)] ReadMemory at 0x1bec4d37fe0 of 132 bytes failed: Only part of a ReadProcessMemory or WriteProcessMemory request was completed. (0x12B)
[0820/112048.013:ERROR:process_memory_win.cc(73)] ReadMemory at 0x1bec4d38110 of 132 bytes failed: Only part of a ReadProcessMemory or WriteProcessMemory request was completed. (0x12B)
[0820/112048.013:ERROR:process_memory_win.cc(73)] ReadMemory at 0x1bec4d38240 of 132 bytes failed: Only part of a ReadProcessMemory or WriteProcessMemory request was completed. (0x12B)
[0820/112048.013:ERROR:process_memory_win.cc(73)] ReadMemory at 0x1bec4d38370 of 132 bytes failed: Only part of a ReadProcessMemory or WriteProcessMemory request was completed. (0x12B)
[0820/112048.013:ERROR:process_memory_win.cc(73)] ReadMemory at 0x1bec4d384a0 of 132 bytes failed: Only part of a ReadProcessMemory or WriteProcessMemory request was completed. (0x12B)
[0820/112048.013:ERROR:process_memory_win.cc(73)] ReadMemory at 0x1bec4d385d0 of 132 bytes failed: Only part of a ReadProcessMemory or WriteProcessMemory request was completed. (0x12B)
[0820/112048.013:ERROR:process_memory_win.cc(73)] ReadMemory at 0x1bec4d38700 of 132 bytes failed: Only part of a ReadProcessMemory or WriteProcessMemory request was completed. (0x12B)
[0820/112048.013:ERROR:process_memory_win.cc(73)] ReadMemory at 0x1bec4d38830 of 132 bytes failed: Only part of a ReadProcessMemory or WriteProcessMemory request was completed. (0x12B)
[0820/112048.013:ERROR:process_memory_win.cc(73)] ReadMemory at 0x1bec4d38960 of 132 bytes failed: Only part of a ReadProcessMemory or WriteProcessMemory request was completed. (0x12B)
[0820/112048.013:ERROR:process_memory_win.cc(73)] ReadMemory at 0x1bec4d38a90 of 132 bytes failed: Only part of a ReadProcessMemory or WriteProcessMemory request was completed. (0x12B)
[0820/112048.013:ERROR:process_memory_win.cc(73)] ReadMemory at 0x1bec4d38bc0 of 132 bytes failed: Only part of a ReadProcessMemory or WriteProcessMemory request was completed. (0x12B)
[0820/112048.013:ERROR:process_memory_win.cc(73)] ReadMemory at 0x1bec4d38cf0 of 132 bytes failed: Only part of a ReadProcessMemory or WriteProcessMemory request was completed. (0x12B)
[0820/112048.013:ERROR:process_memory_win.cc(73)] ReadMemory at 0x1bec4d39bc0 of 62 bytes failed: Only part of a ReadProcessMemory or WriteProcessMemory request was completed. (0x12B)
[0820/112048.013:ERROR:process_memory_win.cc(73)] ReadMemory at 0x1bec4d39c60 of 64 bytes failed: Only part of a ReadProcessMemory or WriteProcessMemory request was completed. (0x12B)
[0820/112048.013:ERROR:process_memory_win.cc(73)] ReadMemory at 0x1bec4d39da0 of 62 bytes failed: Only part of a ReadProcessMemory or WriteProcessMemory request was completed. (0x12B)
[0820/112048.013:ERROR:process_memory_win.cc(73)] ReadMemory at 0x1bec4d39ee0 of 64 bytes failed: Only part of a ReadProcessMemory or WriteProcessMemory request was completed. (0x12B)
[0820/112048.013:ERROR:process_memory_win.cc(73)] ReadMemory at 0x1bec4d3a020 of 62 bytes failed: Only part of a ReadProcessMemory or WriteProcessMemory request was completed. (0x12B)
[0820/112048.013:ERROR:process_memory_win.cc(73)] ReadMemory at 0x1bec4d3a070 of 64 bytes failed: Only part of a ReadProcessMemory or WriteProcessMemory request was completed. (0x12B)
[0820/112048.013:ERROR:process_memory_win.cc(73)] ReadMemory at 0x1bec4d3a110 of 60 bytes failed: Only part of a ReadProcessMemory or WriteProcessMemory request was completed. (0x12B)
[0820/112048.013:ERROR:process_memory_win.cc(73)] ReadMemory at 0x1bec4d3a160 of 64 bytes failed: Only part of a ReadProcessMemory or WriteProcessMemory request was completed. (0x12B)
[0820/112048.013:ERROR:process_memory_win.cc(73)] ReadMemory at 0x1bec4d3a250 of 64 bytes failed: Only part of a ReadProcessMemory or WriteProcessMemory request was completed. (0x12B)
[0820/112048.013:ERROR:process_memory_win.cc(73)] ReadMemory at 0x1bec4d3a2a0 of 58 bytes failed: Only part of a ReadProcessMemory or WriteProcessMemory request was completed. (0x12B)
[0820/112048.013:ERROR:process_memory_win.cc(73)] ReadMemory at 0x1bec4d3a2f0 of 62 bytes failed: Only part of a ReadProcessMemory or WriteProcessMemory request was completed. (0x12B)
[0820/112048.013:ERROR:process_memory_win.cc(73)] ReadMemory at 0x1bec4d3a3e0 of 66 bytes failed: Only part of a ReadProcessMemory or WriteProcessMemory request was completed. (0x12B)
[0820/112048.013:ERROR:process_memory_win.cc(73)] ReadMemory at 0x1bec4d3a430 of 60 bytes failed: Only part of a ReadProcessMemory or WriteProcessMemory request was completed. (0x12B)
[0820/112048.013:ERROR:process_memory_win.cc(73)] ReadMemory at 0x1bec4d3a4d0 of 62 bytes failed: Only part of a ReadProcessMemory or WriteProcessMemory request was completed. (0x12B)
[0820/112048.013:ERROR:process_memory_win.cc(73)] ReadMemory at 0x1bec4d3a570 of 60 bytes failed: Only part of a ReadProcessMemory or WriteProcessMemory request was completed. (0x12B)
[0820/112048.013:ERROR:process_memory_win.cc(73)] ReadMemory at 0x1bec4d3a5c0 of 60 bytes failed: Only part of a ReadProcessMemory or WriteProcessMemory request was completed. (0x12B)
[0820/112048.013:ERROR:process_memory_win.cc(73)] ReadMemory at 0x1bec4d3a610 of 62 bytes failed: Only part of a ReadProcessMemory or WriteProcessMemory request was completed. (0x12B)
[0820/112048.013:ERROR:process_memory_win.cc(73)] ReadMemory at 0x1bec4d3a660 of 62 bytes failed: Only part of a ReadProcessMemory or WriteProcessMemory request was completed. (0x12B)
[0820/112048.013:ERROR:process_memory_win.cc(73)] ReadMemory at 0x1bec4d3a700 of 64 bytes failed: Only part of a ReadProcessMemory or WriteProcessMemory request was completed. (0x12B)
[0820/112048.013:ERROR:process_memory_win.cc(73)] ReadMemory at 0x1bec4d3a7a0 of 64 bytes failed: Only part of a ReadProcessMemory or WriteProcessMemory request was completed. (0x12B)
[0820/112048.013:ERROR:process_memory_win.cc(73)] ReadMemory at 0x1bec4d3a8e0 of 64 bytes failed: Only part of a ReadProcessMemory or WriteProcessMemory request was completed. (0x12B)
[0820/112048.013:ERROR:process_memory_win.cc(73)] ReadMemory at 0x1bec4d3a930 of 60 bytes failed: Only part of a ReadProcessMemory or WriteProcessMemory request was completed. (0x12B)
[0820/112048.013:ERROR:process_memory_win.cc(73)] ReadMemory at 0x1bec4d3a980 of 62 bytes failed: Only part of a ReadProcessMemory or WriteProcessMemory request was completed. (0x12B)
[0820/112048.017:ERROR:process_memory_win.cc(73)] ReadMemory at 0x1bec4d3a9d0 of 66 bytes failed: Only part of a ReadProcessMemory or WriteProcessMemory request was completed. (0x12B)
[0820/112048.017:ERROR:process_memory_win.cc(73)] ReadMemory at 0x1bec4d3ab10 of 62 bytes failed: Only part of a ReadProcessMemory or WriteProcessMemory request was completed. (0x12B)
[0820/112048.017:ERROR:process_memory_win.cc(73)] ReadMemory at 0x1bec4d3bdb0 of 132 bytes failed: Only part of a ReadProcessMemory or WriteProcessMemory request was completed. (0x12B)
[0820/112048.017:ERROR:process_memory_win.cc(73)] ReadMemory at 0x1bec4d3cc80 of 132 bytes failed: Only part of a ReadProcessMemory or WriteProcessMemory request was completed. (0x12B)
[0820/112048.017:ERROR:process_memory_win.cc(73)] ReadMemory at 0x1bec4d3e550 of 132 bytes failed: Only part of a ReadProcessMemory or WriteProcessMemory request was completed. (0x12B)
[0820/112048.017:ERROR:process_memory_win.cc(73)] ReadMemory at 0x1bec4d3e770 of 132 bytes failed: Only part of a ReadProcessMemory or WriteProcessMemory request was completed. (0x12B)
[0820/112048.017:ERROR:process_memory_win.cc(73)] ReadMemory at 0x1bec4d40be0 of 132 bytes failed: Only part of a ReadProcessMemory or WriteProcessMemory request was completed. (0x12B)
[0820/112048.017:ERROR:process_memory_win.cc(73)] ReadMemory at 0x1bec4d42b40 of 132 bytes failed: Only part of a ReadProcessMemory or WriteProcessMemory request was completed. (0x12B)
[0820/112048.017:ERROR:process_memory_win.cc(73)] ReadMemory at 0x1bec4d42d50 of 132 bytes failed: Only part of a ReadProcessMemory or WriteProcessMemory request was completed. (0x12B)
[0820/112048.017:ERROR:process_memory_win.cc(73)] ReadMemory at 0x1bec4d43b40 of 132 bytes failed: Only part of a ReadProcessMemory or WriteProcessMemory request was completed. (0x12B)
[0820/112048.017:ERROR:process_memory_win.cc(73)] ReadMemory at 0x1bec4d43c70 of 132 bytes failed: Only part of a ReadProcessMemory or WriteProcessMemory request was completed. (0x12B)
[0820/112048.017:ERROR:process_memory_win.cc(73)] ReadMemory at 0x1bec4d43da0 of 132 bytes failed: Only part of a ReadProcessMemory or WriteProcessMemory request was completed. (0x12B)
[0820/112048.017:ERROR:process_memory_win.cc(73)] ReadMemory at 0x1bec4d43ed0 of 132 bytes failed: Only part of a ReadProcessMemory or WriteProcessMemory request was completed. (0x12B)
[0820/112048.017:ERROR:process_memory_win.cc(73)] ReadMemory at 0x1bec4d44000 of 132 bytes failed: Only part of a ReadProcessMemory or WriteProcessMemory request was completed. (0x12B)
[0820/112048.017:ERROR:process_memory_win.cc(73)] ReadMemory at 0x1bec4d44260 of 132 bytes failed: Only part of a ReadProcessMemory or WriteProcessMemory request was completed. (0x12B)
[0820/112048.017:ERROR:process_memory_win.cc(73)] ReadMemory at 0x1bec4d444c0 of 132 bytes failed: Only part of a ReadProcessMemory or WriteProcessMemory request was completed. (0x12B)
[0820/112048.017:ERROR:process_memory_win.cc(73)] ReadMemory at 0x1bec4d445f0 of 132 bytes failed: Only part of a ReadProcessMemory or WriteProcessMemory request was completed. (0x12B)
[0820/112048.017:ERROR:process_memory_win.cc(73)] ReadMemory at 0x1bec4d44720 of 132 bytes failed: Only part of a ReadProcessMemory or WriteProcessMemory request was completed. (0x12B)
[0820/112048.017:ERROR:process_memory_win.cc(73)] ReadMemory at 0x1bec4d44850 of 132 bytes failed: Only part of a ReadProcessMemory or WriteProcessMemory request was completed. (0x12B)
[0820/112048.017:ERROR:process_memory_win.cc(73)] ReadMemory at 0x1bec4d44980 of 132 bytes failed: Only part of a ReadProcessMemory or WriteProcessMemory request was completed. (0x12B)
[0820/112048.017:ERROR:process_memory_win.cc(73)] ReadMemory at 0x1bec4d44ab0 of 132 bytes failed: Only part of a ReadProcessMemory or WriteProcessMemory request was completed. (0x12B)
[0820/112048.017:ERROR:process_memory_win.cc(73)] ReadMemory at 0x1bec4d44d10 of 132 bytes failed: Only part of a ReadProcessMemory or WriteProcessMemory request was completed. (0x12B)
[0820/112048.017:ERROR:process_memory_win.cc(73)] ReadMemory at 0x1bec4d44e40 of 132 bytes failed: Only part of a ReadProcessMemory or WriteProcessMemory request was completed. (0x12B)
[0820/112048.017:ERROR:process_memory_win.cc(73)] ReadMemory at 0x1bec4d44f70 of 132 bytes failed: Only part of a ReadProcessMemory or WriteProcessMemory request was completed. (0x12B)
[0820/112048.017:ERROR:process_memory_win.cc(73)] ReadMemory at 0x1bec4d450a0 of 132 bytes failed: Only part of a ReadProcessMemory or WriteProcessMemory request was completed. (0x12B)
[0820/112048.017:ERROR:process_memory_win.cc(73)] ReadMemory at 0x1bec4d451d0 of 132 bytes failed: Only part of a ReadProcessMemory or WriteProcessMemory request was completed. (0x12B)
[0820/112048.017:ERROR:process_memory_win.cc(73)] ReadMemory at 0x1bec4d45300 of 132 bytes failed: Only part of a ReadProcessMemory or WriteProcessMemory request was completed. (0x12B)
[0820/112048.017:ERROR:process_memory_win.cc(73)] ReadMemory at 0x1bec4d45560 of 132 bytes failed: Only part of a ReadProcessMemory or WriteProcessMemory request was completed. (0x12B)
[0820/112048.017:ERROR:process_memory_win.cc(73)] ReadMemory at 0x1bec4d457c0 of 132 bytes failed: Only part of a ReadProcessMemory or WriteProcessMemory request was completed. (0x12B)
[0820/112048.017:ERROR:process_memory_win.cc(73)] ReadMemory at 0x1bec4d458f0 of 132 bytes failed: Only part of a ReadProcessMemory or WriteProcessMemory request was completed. (0x12B)
[0820/112048.017:ERROR:process_memory_win.cc(73)] ReadMemory at 0x1bec4d47040 of 76 bytes failed: Only part of a ReadProcessMemory or WriteProcessMemory request was completed. (0x12B)
[0820/112048.017:ERROR:process_memory_win.cc(73)] ReadMemory at 0x1bec4d47ac0 of 80 bytes failed: Only part of a ReadProcessMemory or WriteProcessMemory request was completed. (0x12B)
[0820/112048.017:ERROR:process_memory_win.cc(73)] ReadMemory at 0x1bec4d68ee0 of 66 bytes failed: Only part of a ReadProcessMemory or WriteProcessMemory request was completed. (0x12B)
[0820/112048.017:ERROR:process_memory_win.cc(73)] ReadMemory at 0x1bec4d68fd0 of 62 bytes failed: Only part of a ReadProcessMemory or WriteProcessMemory request was completed. (0x12B)
[0820/112048.017:ERROR:process_memory_win.cc(73)] ReadMemory at 0x1bec4d69070 of 58 bytes failed: Only part of a ReadProcessMemory or WriteProcessMemory request was completed. (0x12B)
[0820/112048.017:ERROR:process_memory_win.cc(73)] ReadMemory at 0x1bec4d693e0 of 60 bytes failed: Only part of a ReadProcessMemory or WriteProcessMemory request was completed. (0x12B)
[0820/112048.017:ERROR:process_memory_win.cc(73)] ReadMemory at 0x1bec4d69430 of 62 bytes failed: Only part of a ReadProcessMemory or WriteProcessMemory request was completed. (0x12B)
[0820/112048.017:ERROR:process_memory_win.cc(73)] ReadMemory at 0x1bec4d69570 of 58 bytes failed: Only part of a ReadProcessMemory or WriteProcessMemory request was completed. (0x12B)
[0820/112048.017:ERROR:process_memory_win.cc(73)] ReadMemory at 0x1bec4d69660 of 60 bytes failed: Only part of a ReadProcessMemory or WriteProcessMemory request was completed. (0x12B)
[0820/112048.017:ERROR:process_memory_win.cc(73)] ReadMemory at 0x1bec4d69890 of 64 bytes failed: Only part of a ReadProcessMemory or WriteProcessMemory request was completed. (0x12B)
[0820/112048.017:ERROR:process_memory_win.cc(73)] ReadMemory at 0x1bec4d69a70 of 58 bytes failed: Only part of a ReadProcessMemory or WriteProcessMemory request was completed. (0x12B)
[0820/112048.017:ERROR:process_memory_win.cc(73)] ReadMemory at 0x1bec4d69e30 of 62 bytes failed: Only part of a ReadProcessMemory or WriteProcessMemory request was completed. (0x12B)
[0820/112048.017:ERROR:process_memory_win.cc(73)] ReadMemory at 0x1bec4d78f00 of 512 bytes failed: Only part of a ReadProcessMemory or WriteProcessMemory request was completed. (0x12B)
[0820/112048.017:ERROR:process_memory_win.cc(73)] ReadMemory at 0x1bec4d7f9c0 of 78 bytes failed: Only part of a ReadProcessMemory or WriteProcessMemory request was completed. (0x12B)
[0820/112048.017:ERROR:process_memory_win.cc(73)] ReadMemory at 0x1bec4d94dc0 of 712 bytes failed: Only part of a ReadProcessMemory or WriteProcessMemory request was completed. (0x12B)
[0820/112048.017:ERROR:process_memory_win.cc(73)] ReadMemory at 0x1bec4d98730 of 512 bytes failed: Only part of a ReadProcessMemory or WriteProcessMemory request was completed. (0x12B)
[0820/112048.017:ERROR:process_memory_win.cc(73)] ReadMemory at 0x1bec4da34e8 of 512 bytes failed: Only part of a ReadProcessMemory or WriteProcessMemory request was completed. (0x12B)
[0820/112048.017:ERROR:process_memory_win.cc(73)] ReadMemory at 0x1bec4da8f00 of 512 bytes failed: Only part of a ReadProcessMemory or WriteProcessMemory request was completed. (0x12B)
[0820/112048.017:ERROR:process_memory_win.cc(73)] ReadMemory at 0x1bec4db09c0 of 512 bytes failed: Only part of a ReadProcessMemory or WriteProcessMemory request was completed. (0x12B)
[0820/112048.017:ERROR:process_memory_win.cc(73)] ReadMemory at 0x1bec4df9d00 of 512 bytes failed: Only part of a ReadProcessMemory or WriteProcessMemory request was completed. (0x12B)
[0820/112048.021:ERROR:process_memory_win.cc(73)] ReadMemory at 0x1bec4e1e000 of 512 bytes failed: Only part of a ReadProcessMemory or WriteProcessMemory request was completed. (0x12B)
[0820/112048.021:ERROR:process_memory_win.cc(73)] ReadMemory at 0x1bec6840000 of 384 bytes failed: Only part of a ReadProcessMemory or WriteProcessMemory request was completed. (0x12B)
[0820/112048.021:ERROR:process_memory_win.cc(73)] ReadMemory at 0x1bec68ef110 of 512 bytes failed: Only part of a ReadProcessMemory or WriteProcessMemory request was completed. (0x12B)
[0820/112048.021:ERROR:process_memory_win.cc(73)] ReadMemory at 0x1bec6be49e0 of 512 bytes failed: Only part of a ReadProcessMemory or WriteProcessMemory request was completed. (0x12B)
[0820/112048.021:ERROR:process_memory_win.cc(73)] ReadMemory at 0x1bec71d3df8 of 512 bytes failed: Only part of a ReadProcessMemory or WriteProcessMemory request was completed. (0x12B)
[0820/112048.021:ERROR:process_memory_win.cc(73)] ReadMemory at 0x1bec71e7eb8 of 512 bytes failed: Only part of a ReadProcessMemory or WriteProcessMemory request was completed. (0x12B)
[0820/112048.021:ERROR:process_memory_win.cc(73)] ReadMemory at 0x108f087d1f59 of 512 bytes failed: Only part of a ReadProcessMemory or WriteProcessMemory request was completed. (0x12B)
[0820/112048.021:ERROR:process_memory_win.cc(73)] ReadMemory at 0x7ffbe071a568 of 512 bytes failed: Only part of a ReadProcessMemory or WriteProcessMemory request was completed. (0x12B)
[0820/112048.021:ERROR:process_memory_win.cc(73)] ReadMemory at 0x7ffbe141da90 of 516 bytes failed: Only part of a ReadProcessMemory or WriteProcessMemory request was completed. (0x12B)
[0820/112048.021:ERROR:process_memory_win.cc(73)] ReadMemory at 0x7ffbe511c658 of 512 bytes failed: Only part of a ReadProcessMemory or WriteProcessMemory request was completed. (0x12B)
[0820/112048.021:ERROR:process_memory_win.cc(73)] ReadMemory at 0x7ffc3bc6c6d0 of 512 bytes failed: Only part of a ReadProcessMemory or WriteProcessMemory request was completed. (0x12B)
[0820/112048.021:ERROR:process_memory_win.cc(73)] ReadMemory at 0x7ffc3e87c074 of 672 bytes failed: Only part of a ReadProcessMemory or WriteProcessMemory request was completed. (0x12B)
[0820/112048.021:ERROR:process_memory_win.cc(73)] ReadMemory at 0x7ffc3e87c674 of 512 bytes failed: Only part of a ReadProcessMemory or WriteProcessMemory request was completed. (0x12B)
[0820/112048.021:ERROR:process_memory_win.cc(73)] ReadMemory at 0x7ffc3e87f924 of 608 bytes failed: Only part of a ReadProcessMemory or WriteProcessMemory request was completed. (0x12B)
[0820/112048.021:ERROR:process_memory_win.cc(73)] ReadMemory at 0x7ffc3e90c428 of 18 bytes failed: Only part of a ReadProcessMemory or WriteProcessMemory request was completed. (0x12B)
[0820/112048.021:ERROR:process_memory_win.cc(73)] ReadMemory at 0x7ffc3e93f4f8 of 40 bytes failed: Only part of a ReadProcessMemory or WriteProcessMemory request was completed. (0x12B)
[0820/112048.021:ERROR:process_memory_win.cc(73)] ReadMemory at 0x7ffc3e93f978 of 48 bytes failed: Only part of a ReadProcessMemory or WriteProcessMemory request was completed. (0x12B)
[0820/112048.021:ERROR:process_memory_win.cc(73)] ReadMemory at 0x7ffc3e9453c0 of 64 bytes failed: Only part of a ReadProcessMemory or WriteProcessMemory request was completed. (0x12B)
[0820/112048.021:ERROR:scoped_process_suspend.cc(40)] NtResumeProcess: An attempt was made to access an exiting process. (0xc000010a)
